<?xml version="1.0" encoding="UTF-8"?>
<testsuite xmlns:xsi="http://www.w3.org/2001/XMLSchema-instance" xsi:noNamespaceSchemaLocation="https://maven.apache.org/surefire/maven-surefire-plugin/xsd/surefire-test-report.xsd" name="g53203.mentoring.repository.StudentRepositoryTest" time="0.208" tests="11" errors="0" skipped="0" failures="0">
  <properties>
    <property name="java.specification.version" value="18"/>
    <property name="sun.jnu.encoding" value="UTF-8"/>
    <property name="java.class.path" value="/Users/anasbenallal/Desktop/Cours/ATLG4/a-benallal/Mentoring/target/test-classes:/Users/anasbenallal/Desktop/Cours/ATLG4/a-benallal/Mentoring/target/classes:/Users/anasbenallal/.m2/repository/org/junit/jupiter/junit-jupiter-api/5.3.1/junit-jupiter-api-5.3.1.jar:/Users/anasbenallal/.m2/repository/org/apiguardian/apiguardian-api/1.0.0/apiguardian-api-1.0.0.jar:/Users/anasbenallal/.m2/repository/org/opentest4j/opentest4j/1.1.1/opentest4j-1.1.1.jar:/Users/anasbenallal/.m2/repository/org/junit/platform/junit-platform-commons/1.3.1/junit-platform-commons-1.3.1.jar:/Users/anasbenallal/.m2/repository/org/junit/jupiter/junit-jupiter-params/5.3.1/junit-jupiter-params-5.3.1.jar:/Users/anasbenallal/.m2/repository/org/junit/jupiter/junit-jupiter-engine/5.3.1/junit-jupiter-engine-5.3.1.jar:/Users/anasbenallal/.m2/repository/org/junit/platform/junit-platform-engine/1.3.1/junit-platform-engine-1.3.1.jar:/Users/anasbenallal/.m2/repository/org/junit/platform/junit-platform-runner/1.2.0/junit-platform-runner-1.2.0.jar:/Users/anasbenallal/.m2/repository/org/junit/platform/junit-platform-launcher/1.2.0/junit-platform-launcher-1.2.0.jar:/Users/anasbenallal/.m2/repository/org/junit/platform/junit-platform-suite-api/1.2.0/junit-platform-suite-api-1.2.0.jar:/Users/anasbenallal/.m2/repository/junit/junit/4.12/junit-4.12.jar:/Users/anasbenallal/.m2/repository/org/hamcrest/hamcrest-core/1.3/hamcrest-core-1.3.jar:/Users/anasbenallal/.m2/repository/org/mockito/mockito-core/3.2.0/mockito-core-3.2.0.jar:/Users/anasbenallal/.m2/repository/net/bytebuddy/byte-buddy/1.10.3/byte-buddy-1.10.3.jar:/Users/anasbenallal/.m2/repository/net/bytebuddy/byte-buddy-agent/1.10.3/byte-buddy-agent-1.10.3.jar:/Users/anasbenallal/.m2/repository/org/objenesis/objenesis/2.6/objenesis-2.6.jar:/Users/anasbenallal/.m2/repository/org/mockito/mockito-junit-jupiter/2.23.0/mockito-junit-jupiter-2.23.0.jar:"/>
    <property name="java.vm.vendor" value="Oracle Corporation"/>
    <property name="sun.arch.data.model" value="64"/>
    <property name="java.vendor.url" value="https://java.oracle.com/"/>
    <property name="os.name" value="Mac OS X"/>
    <property name="java.vm.specification.version" value="18"/>
    <property name="user.country" value="BE"/>
    <property name="sun.java.launcher" value="SUN_STANDARD"/>
    <property name="sun.boot.library.path" value="/Library/Java/JavaVirtualMachines/jdk-18.0.1.jdk/Contents/Home/lib"/>
    <property name="sun.java.command" value="/Users/anasbenallal/Desktop/Cours/ATLG4/a-benallal/Mentoring/target/surefire/surefirebooter14555181549172364164.jar /Users/anasbenallal/Desktop/Cours/ATLG4/a-benallal/Mentoring/target/surefire 2022-05-04T23-22-11_256-jvmRun1 surefire5454692145260712075tmp surefire_01525263242280904557tmp"/>
    <property name="http.nonProxyHosts" value="local|*.local|169.254/16|*.169.254/16"/>
    <property name="jdk.debug" value="release"/>
    <property name="test" value="g53203.mentoring.repository.StudentRepositoryTest"/>
    <property name="surefire.test.class.path" value="/Users/anasbenallal/Desktop/Cours/ATLG4/a-benallal/Mentoring/target/test-classes:/Users/anasbenallal/Desktop/Cours/ATLG4/a-benallal/Mentoring/target/classes:/Users/anasbenallal/.m2/repository/org/junit/jupiter/junit-jupiter-api/5.3.1/junit-jupiter-api-5.3.1.jar:/Users/anasbenallal/.m2/repository/org/apiguardian/apiguardian-api/1.0.0/apiguardian-api-1.0.0.jar:/Users/anasbenallal/.m2/repository/org/opentest4j/opentest4j/1.1.1/opentest4j-1.1.1.jar:/Users/anasbenallal/.m2/repository/org/junit/platform/junit-platform-commons/1.3.1/junit-platform-commons-1.3.1.jar:/Users/anasbenallal/.m2/repository/org/junit/jupiter/junit-jupiter-params/5.3.1/junit-jupiter-params-5.3.1.jar:/Users/anasbenallal/.m2/repository/org/junit/jupiter/junit-jupiter-engine/5.3.1/junit-jupiter-engine-5.3.1.jar:/Users/anasbenallal/.m2/repository/org/junit/platform/junit-platform-engine/1.3.1/junit-platform-engine-1.3.1.jar:/Users/anasbenallal/.m2/repository/org/junit/platform/junit-platform-runner/1.2.0/junit-platform-runner-1.2.0.jar:/Users/anasbenallal/.m2/repository/org/junit/platform/junit-platform-launcher/1.2.0/junit-platform-launcher-1.2.0.jar:/Users/anasbenallal/.m2/repository/org/junit/platform/junit-platform-suite-api/1.2.0/junit-platform-suite-api-1.2.0.jar:/Users/anasbenallal/.m2/repository/junit/junit/4.12/junit-4.12.jar:/Users/anasbenallal/.m2/repository/org/hamcrest/hamcrest-core/1.3/hamcrest-core-1.3.jar:/Users/anasbenallal/.m2/repository/org/mockito/mockito-core/3.2.0/mockito-core-3.2.0.jar:/Users/anasbenallal/.m2/repository/net/bytebuddy/byte-buddy/1.10.3/byte-buddy-1.10.3.jar:/Users/anasbenallal/.m2/repository/net/bytebuddy/byte-buddy-agent/1.10.3/byte-buddy-agent-1.10.3.jar:/Users/anasbenallal/.m2/repository/org/objenesis/objenesis/2.6/objenesis-2.6.jar:/Users/anasbenallal/.m2/repository/org/mockito/mockito-junit-jupiter/2.23.0/mockito-junit-jupiter-2.23.0.jar:"/>
    <property name="sun.cpu.endian" value="little"/>
    <property name="user.home" value="/Users/anasbenallal"/>
    <property name="user.language" value="fr"/>
    <property name="java.specification.vendor" value="Oracle Corporation"/>
    <property name="java.version.date" value="2022-04-19"/>
    <property name="java.home" value="/Library/Java/JavaVirtualMachines/jdk-18.0.1.jdk/Contents/Home"/>
    <property name="file.separator" value="/"/>
    <property name="basedir" value="/Users/anasbenallal/Desktop/Cours/ATLG4/a-benallal/Mentoring"/>
    <property name="java.vm.compressedOopsMode" value="Zero based"/>
    <property name="line.separator" value="&#10;"/>
    <property name="java.vm.specification.vendor" value="Oracle Corporation"/>
    <property name="java.specification.name" value="Java Platform API Specification"/>
    <property name="apple.awt.application.name" value="ForkedBooter"/>
    <property name="surefire.real.class.path" value="/Users/anasbenallal/Desktop/Cours/ATLG4/a-benallal/Mentoring/target/surefire/surefirebooter14555181549172364164.jar"/>
    <property name="sun.management.compiler" value="HotSpot 64-Bit Tiered Compilers"/>
    <property name="ftp.nonProxyHosts" value="local|*.local|169.254/16|*.169.254/16"/>
    <property name="java.runtime.version" value="18.0.1+10-24"/>
    <property name="user.name" value="anasbenallal"/>
    <property name="path.separator" value=":"/>
    <property name="os.version" value="12.2.1"/>
    <property name="java.runtime.name" value="Java(TM) SE Runtime Environment"/>
    <property name="file.encoding" value="UTF-8"/>
    <property name="java.vm.name" value="Java HotSpot(TM) 64-Bit Server VM"/>
    <property name="maven.ext.class.path" value="/Applications/NetBeans/Apache NetBeans 13.app/Contents/Resources/NetBeans/netbeans/java/maven-nblib/netbeans-eventspy.jar"/>
    <property name="localRepository" value="/Users/anasbenallal/.m2/repository"/>
    <property name="java.vendor.url.bug" value="https://bugreport.java.com/bugreport/"/>
    <property name="java.io.tmpdir" value="/var/folders/pv/f8lrm2p91p1ct2tzwhyrnwl40000gp/T/"/>
    <property name="java.version" value="18.0.1"/>
    <property name="user.dir" value="/Users/anasbenallal/Desktop/Cours/ATLG4/a-benallal/Mentoring"/>
    <property name="os.arch" value="aarch64"/>
    <property name="java.vm.specification.name" value="Java Virtual Machine Specification"/>
    <property name="native.encoding" value="UTF-8"/>
    <property name="java.library.path" value="/Users/anasbenallal/Library/Java/Extensions:/Library/Java/Extensions:/Network/Library/Java/Extensions:/System/Library/Java/Extensions:/usr/lib/java:."/>
    <property name="java.vm.info" value="mixed mode, sharing"/>
    <property name="java.vendor" value="Oracle Corporation"/>
    <property name="java.vm.version" value="18.0.1+10-24"/>
    <property name="sun.io.unicode.encoding" value="UnicodeBig"/>
    <property name="socksNonProxyHosts" value="local|*.local|169.254/16|*.169.254/16"/>
    <property name="java.class.version" value="62.0"/>
  </properties>
  <testcase name="testRemoveNotExisting" classname="g53203.mentoring.repository.StudentRepositoryTest" time="0.191"/>
  <testcase name="testGetExist" classname="g53203.mentoring.repository.StudentRepositoryTest" time="0.002"/>
  <testcase name="testGetNotExist" classname="g53203.mentoring.repository.StudentRepositoryTest" time="0.001"/>
  <testcase name="testGetBadParam" classname="g53203.mentoring.repository.StudentRepositoryTest" time="0.001"/>
  <testcase name="testRemoveExisting" classname="g53203.mentoring.repository.StudentRepositoryTest" time="0.001"/>
  <testcase name="testContainsNotExisting" classname="g53203.mentoring.repository.StudentRepositoryTest" time="0.001"/>
  <testcase name="testAddWhenBadParam" classname="g53203.mentoring.repository.StudentRepositoryTest" time="0.001"/>
  <testcase name="testAddWhenExisting" classname="g53203.mentoring.repository.StudentRepositoryTest" time="0.001"/>
  <testcase name="testContainsBadParam" classname="g53203.mentoring.repository.StudentRepositoryTest" time="0.001"/>
  <testcase name="testContainsExisting" classname="g53203.mentoring.repository.StudentRepositoryTest" time="0.002"/>
  <testcase name="testGetAll" classname="g53203.mentoring.repository.StudentRepositoryTest" time="0.002"/>
</testsuite>